Using pre-set license
Built from '2021.3/staging' branch; Version is '2021.3.19f1 (c9714fde33b6) revision 13201743'; Using compiler version '192829333'; Build Type 'Release'
OS: 'Windows 10  (10.0.19045) 64bit Professional' Language: 'en' Physical Memory: 31997 MB
BatchMode: 1, IsHumanControllingUs: 0, StartBugReporterOnCrash: 0, Is64bit: 1, IsPro: 1

COMMAND LINE ARGUMENTS:
C:\Program Files\Unity\Hub\Editor\2021.3.19f1\Editor\Unity.exe
-adb2
-batchMode
-noUpm
-name
AssetImportWorker0
-projectPath
E:/PROJECTS/Unity/Open World Survival
-logFile
Logs/AssetImportWorker0.log
-srvPort
50197
Successfully changed project path to: E:/PROJECTS/Unity/Open World Survival
E:/PROJECTS/Unity/Open World Survival
[UnityMemory] Configuration Parameters - Can be set up in boot.config
    "memorysetup-bucket-allocator-granularity=16"
    "memorysetup-bucket-allocator-bucket-count=8"
    "memorysetup-bucket-allocator-block-size=33554432"
    "memorysetup-bucket-allocator-block-count=8"
    "memorysetup-main-allocator-block-size=16777216"
    "memorysetup-thread-allocator-block-size=16777216"
    "memorysetup-gfx-main-allocator-block-size=16777216"
    "memorysetup-gfx-thread-allocator-block-size=16777216"
    "memorysetup-cache-allocator-block-size=4194304"
    "memorysetup-typetree-allocator-block-size=2097152"
    "memorysetup-profiler-bucket-allocator-granularity=16"
    "memorysetup-profiler-bucket-allocator-bucket-count=8"
    "memorysetup-profiler-bucket-allocator-block-size=33554432"
    "memorysetup-profiler-bucket-allocator-block-count=8"
    "memorysetup-profiler-allocator-block-size=16777216"
    "memorysetup-profiler-editor-allocator-block-size=1048576"
    "memorysetup-temp-allocator-size-main=16777216"
    "memorysetup-job-temp-allocator-block-size=2097152"
    "memorysetup-job-temp-allocator-block-size-background=1048576"
    "memorysetup-job-temp-allocator-reduction-small-platforms=262144"
    "memorysetup-temp-allocator-size-background-worker=32768"
    "memorysetup-temp-allocator-size-job-worker=262144"
    "memorysetup-temp-allocator-size-preload-manager=33554432"
    "memorysetup-temp-allocator-size-nav-mesh-worker=65536"
    "memorysetup-temp-allocator-size-audio-worker=65536"
    "memorysetup-temp-allocator-size-cloud-worker=32768"
    "memorysetup-temp-allocator-size-gi-baking-worker=262144"
    "memorysetup-temp-allocator-size-gfx=262144"
Player connection [18644] Host "[IP] 192.168.0.107 [Port] 0 [Flags] 2 [Guid] 2634345696 [EditorId] 2634345696 [Version] 1048832 [Id] WindowsEditor(7,DESKTOP-MLJEPT1) [Debug] 1 [PackageName] WindowsEditor [ProjectName] Editor" joined multi-casting on [225.0.0.222:54997]...

Player connection [18644] Host "[IP] 192.168.0.107 [Port] 0 [Flags] 2 [Guid] 2634345696 [EditorId] 2634345696 [Version] 1048832 [Id] WindowsEditor(7,DESKTOP-MLJEPT1) [Debug] 1 [PackageName] WindowsEditor [ProjectName] Editor" joined alternative multi-casting on [225.0.0.222:34997]...

Refreshing native plugins compatible for Editor in 22.55 ms, found 2 plugins.
Preloading 0 native plugins for Editor in 0.00 ms.
Initialize engine version: 2021.3.19f1 (c9714fde33b6)
[Subsystems] Discovering subsystems at path C:/Program Files/Unity/Hub/Editor/2021.3.19f1/Editor/Data/Resources/UnitySubsystems
[Subsystems] Discovering subsystems at path E:/PROJECTS/Unity/Open World Survival/Assets
GfxDevice: creating device client; threaded=0; jobified=0
Direct3D:
    Version:  Direct3D 11.0 [level 11.1]
    Renderer: NVIDIA GeForce RTX 3050 Laptop GPU (ID=0x25a2)
    Vendor:   NVIDIA
    VRAM:     3977 MB
    Driver:   31.0.15.3758
Initialize mono
Mono path[0] = 'C:/Program Files/Unity/Hub/Editor/2021.3.19f1/Editor/Data/Managed'
Mono path[1] = 'C:/Program Files/Unity/Hub/Editor/2021.3.19f1/Editor/Data/MonoBleedingEdge/lib/mono/unityjit-win32'
Mono config path = 'C:/Program Files/Unity/Hub/Editor/2021.3.19f1/Editor/Data/MonoBleedingEdge/etc'
Using monoOptions --debugger-agent=transport=dt_socket,embedding=1,server=y,suspend=n,address=127.0.0.1:56652
Begin MonoManager ReloadAssembly
Registering precompiled unity dll's ...
Register platform support module: C:/Program Files/Unity/Hub/Editor/2021.3.19f1/Editor/Data/PlaybackEngines/WindowsStandaloneSupport/UnityEditor.WindowsStandalone.Extensions.dll
Registered in 0.005523 seconds.
Native extension for WindowsStandalone target not found
Refreshing native plugins compatible for Editor in 23.10 ms, found 2 plugins.
Preloading 0 native plugins for Editor in 0.00 ms.
Mono: successfully reloaded assembly
- Completed reload, in  0.513 seconds
Domain Reload Profiling:
	ReloadAssembly (513ms)
		BeginReloadAssembly (59ms)
			ExecutionOrderSort (0ms)
			DisableScriptedObjects (0ms)
			BackupInstance (0ms)
			ReleaseScriptingObjects (0ms)
			CreateAndSetChildDomain (1ms)
		EndReloadAssembly (365ms)
			LoadAssemblies (57ms)
			RebuildTransferFunctionScriptingTraits (0ms)
			SetupTypeCache (80ms)
			ReleaseScriptCaches (0ms)
			RebuildScriptCaches (25ms)
			SetupLoadedEditorAssemblies (214ms)
				LogAssemblyErrors (0ms)
				InitializePlatformSupportModulesInManaged (7ms)
				SetLoadedEditorAssemblies (0ms)
				RefreshPlugins (23ms)
				BeforeProcessingInitializeOnLoad (1ms)
				ProcessInitializeOnLoadAttributes (133ms)
				ProcessInitializeOnLoadMethodAttributes (50ms)
				AfterProcessingInitializeOnLoad (0ms)
				EditorAssembliesLoaded (0ms)
			ExecutionOrderSort2 (0ms)
			AwakeInstancesAfterBackupRestoration (0ms)
Platform modules already initialized, skipping
Registering precompiled user dll's ...
Registered in 0.001643 seconds.
Begin MonoManager ReloadAssembly
Native extension for WindowsStandalone target not found
Refreshing native plugins compatible for Editor in 0.49 ms, found 2 plugins.
Preloading 0 native plugins for Editor in 0.00 ms.
Mono: successfully reloaded assembly
- Completed reload, in  0.722 seconds
Domain Reload Profiling:
	ReloadAssembly (723ms)
		BeginReloadAssembly (94ms)
			ExecutionOrderSort (0ms)
			DisableScriptedObjects (5ms)
			BackupInstance (0ms)
			ReleaseScriptingObjects (0ms)
			CreateAndSetChildDomain (20ms)
		EndReloadAssembly (534ms)
			LoadAssemblies (57ms)
			RebuildTransferFunctionScriptingTraits (0ms)
			SetupTypeCache (137ms)
			ReleaseScriptCaches (0ms)
			RebuildScriptCaches (41ms)
			SetupLoadedEditorAssemblies (265ms)
				LogAssemblyErrors (0ms)
				InitializePlatformSupportModulesInManaged (5ms)
				SetLoadedEditorAssemblies (0ms)
				RefreshPlugins (1ms)
				BeforeProcessingInitializeOnLoad (52ms)
				ProcessInitializeOnLoadAttributes (184ms)
				ProcessInitializeOnLoadMethodAttributes (17ms)
				AfterProcessingInitializeOnLoad (5ms)
				EditorAssembliesLoaded (0ms)
			ExecutionOrderSort2 (0ms)
			AwakeInstancesAfterBackupRestoration (5ms)
Platform modules already initialized, skipping
========================================================================
Worker process is ready to serve import requests
Launched and connected shader compiler UnityShaderCompiler.exe after 0.04 seconds
Refreshing native plugins compatible for Editor in 0.87 ms, found 2 plugins.
Preloading 0 native plugins for Editor in 0.00 ms.
Unloading 1587 Unused Serialized files (Serialized files now loaded: 0)
Unloading 30 unused Assets / (1.3 MB). Loaded Objects now: 2080.
Memory consumption went from 122.3 MB to 121.0 MB.
Total: 6.698000 ms (FindLiveObjects: 0.280000 ms CreateObjectMapping: 0.165500 ms MarkObjects: 5.475800 ms  DeleteObjects: 0.775400 ms)

AssetImportParameters requested are different than current active one (requested -> active):
  custom:video-decoder-ogg-theora: a1e56fd34408186e4bbccfd4996cb3dc -> 
  custom:container-muxer-webm: aa71ff27fc2769a1b78a27578f13a17b -> 
  custom:container-demuxer-webm: 4f35f7cbe854078d1ac9338744f61a02 -> 
  custom:video-encoder-webm-vp8: eb34c28f22e8b96e1ab97ce403110664 -> 
  custom:video-codec-MediaFoundation-h265: 746d11721c4dcdbdad8f713fa42b33f4 -> 
  custom:audio-encoder-webm-vorbis: bf7c407c2cedff20999df2af8eb42d56 -> 
  custom:framework-win-MediaFoundation: 216162199b28c13a410421893ffa2e32 -> 
  custom:container-demuxer-ogg: 62fdf1f143b41e24485cea50d1cbac27 -> 
  custom:video-decoder-webm-vp8: 9c59270c3fd7afecdb556c50c9e8de78 -> 
  custom:audio-decoder-ogg-vorbis: bf7c407c2cedff20999df2af8eb42d56 -> 
========================================================================
Received Import Request.
  Time since last request: 302213.576310 seconds.
  path: Assets/Doc.txt
  artifactKey: Guid(77ea239422764ea47b704f1c12dc77ca) Importer(815301076,1909f56bfc062723c751e8b465ee728b)
Start importing Assets/Doc.txt using Guid(77ea239422764ea47b704f1c12dc77ca) Importer(815301076,1909f56bfc062723c751e8b465ee728b)  -> (artifact id: 'b4f25aac6c3e3a15172e4481f153473e') in 0.196373 seconds 
========================================================================
Received Import Request.
  Time since last request: 523.356819 seconds.
  path: Assets/Polytope Studio
  artifactKey: Guid(115939fafdaab3542ac9de578833169e) Importer(815301076,1909f56bfc062723c751e8b465ee728b)
Start importing Assets/Polytope Studio using Guid(115939fafdaab3542ac9de578833169e) Importer(815301076,1909f56bfc062723c751e8b465ee728b)  -> (artifact id: '37f0d15b8c1655024d8d3809ea9a6520') in 0.015025 seconds 
========================================================================
Received Import Request.
  Time since last request: 3.404207 seconds.
  path: Assets/Polytope Studio/Lowpoly_Characters
  artifactKey: Guid(2fe323f58b2eff8478619059f3c2c0a2) Importer(815301076,1909f56bfc062723c751e8b465ee728b)
Start importing Assets/Polytope Studio/Lowpoly_Characters using Guid(2fe323f58b2eff8478619059f3c2c0a2) Importer(815301076,1909f56bfc062723c751e8b465ee728b)  -> (artifact id: 'a5fe5735c5cf54e7df94a01add032cc9') in 0.012745 seconds 
========================================================================
Received Import Request.
  Time since last request: 15.217687 seconds.
  path: Assets/3D Models/Polytope Studio/Lowpoly_Characters/PT_Lowpoly_Peasant_doc.pdf
  artifactKey: Guid(4ac1c5e0959173b4dbb2b2f4560d75fe) Importer(815301076,1909f56bfc062723c751e8b465ee728b)
Start importing Assets/3D Models/Polytope Studio/Lowpoly_Characters/PT_Lowpoly_Peasant_doc.pdf using Guid(4ac1c5e0959173b4dbb2b2f4560d75fe) Importer(815301076,1909f56bfc062723c751e8b465ee728b)  -> (artifact id: '8b7e37a765a7af878934637687486fc7') in 0.016271 seconds 
========================================================================
Received Import Request.
  Time since last request: 4.152776 seconds.
  path: Assets/3D Models/Polytope Studio/Lowpoly_Characters/Sources
  artifactKey: Guid(36d3a0c50257d814e99182d79c84b727) Importer(815301076,1909f56bfc062723c751e8b465ee728b)
Start importing Assets/3D Models/Polytope Studio/Lowpoly_Characters/Sources using Guid(36d3a0c50257d814e99182d79c84b727) Importer(815301076,1909f56bfc062723c751e8b465ee728b)  -> (artifact id: '5a66f13de535bf408efdc4a3e2daabb8') in 0.013658 seconds 
========================================================================
Received Import Request.
  Time since last request: 0.782443 seconds.
  path: Assets/3D Models/Polytope Studio/Lowpoly_Characters/Sources/Modular_NPC
  artifactKey: Guid(93e9386549bffa746943d3df8326d591) Importer(815301076,1909f56bfc062723c751e8b465ee728b)
Start importing Assets/3D Models/Polytope Studio/Lowpoly_Characters/Sources/Modular_NPC using Guid(93e9386549bffa746943d3df8326d591) Importer(815301076,1909f56bfc062723c751e8b465ee728b)  -> (artifact id: 'b2e7b958f2a569087fda774ec7109bc8') in 0.016454 seconds 
========================================================================
Received Import Request.
  Time since last request: 1.913814 seconds.
  path: Assets/3D Models/Polytope Studio/Lowpoly_Characters/Sources/Modular_NPC/Materials
  artifactKey: Guid(09faa1c8a2a03c848a5c6bbdceb2a792) Importer(815301076,1909f56bfc062723c751e8b465ee728b)
Start importing Assets/3D Models/Polytope Studio/Lowpoly_Characters/Sources/Modular_NPC/Materials using Guid(09faa1c8a2a03c848a5c6bbdceb2a792) Importer(815301076,1909f56bfc062723c751e8b465ee728b)  -> (artifact id: '6efa6a75393a3bc93d218ab1f8993ba6') in 0.014521 seconds 
========================================================================
Received Import Request.
  Time since last request: 0.036076 seconds.
  path: Assets/3D Models/Polytope Studio/Lowpoly_Characters/Sources/Modular_NPC/Materials/PT_NPC_Mat.mat
  artifactKey: Guid(c79855c6f54ed954293d041acc3120a8) Importer(815301076,1909f56bfc062723c751e8b465ee728b)
Start importing Assets/3D Models/Polytope Studio/Lowpoly_Characters/Sources/Modular_NPC/Materials/PT_NPC_Mat.mat using Guid(c79855c6f54ed954293d041acc3120a8) Importer(815301076,1909f56bfc062723c751e8b465ee728b)  -> (artifact id: 'd7d297b7f1bee1c7813feadf4a0dca48') in 0.424675 seconds 
========================================================================
Received Import Request.
  Time since last request: 3.280417 seconds.
  path: Assets/3D Models/Polytope Studio/Lowpoly_Characters/Sources/Modular_NPC/Meshes
  artifactKey: Guid(4d6fab233dd70af40a09abcf932337d0) Importer(815301076,1909f56bfc062723c751e8b465ee728b)
Start importing Assets/3D Models/Polytope Studio/Lowpoly_Characters/Sources/Modular_NPC/Meshes using Guid(4d6fab233dd70af40a09abcf932337d0) Importer(815301076,1909f56bfc062723c751e8b465ee728b)  -> (artifact id: '6e9dd5d49088eb1a3ead836a484c11a7') in 0.012882 seconds 
========================================================================
Received Import Request.
  Time since last request: 0.558941 seconds.
  path: Assets/3D Models/Polytope Studio/Lowpoly_Characters/Sources/Modular_NPC/Meshes/Peasants_Citizens
  artifactKey: Guid(fe002ec0fccee1f4da491d8fceebb069) Importer(815301076,1909f56bfc062723c751e8b465ee728b)
Start importing Assets/3D Models/Polytope Studio/Lowpoly_Characters/Sources/Modular_NPC/Meshes/Peasants_Citizens using Guid(fe002ec0fccee1f4da491d8fceebb069) Importer(815301076,1909f56bfc062723c751e8b465ee728b)  -> (artifact id: 'dce01e2b27bb47c9203ae1ba7e920c04') in 0.015496 seconds 
========================================================================
Received Import Request.
  Time since last request: 0.061644 seconds.
  path: Assets/3D Models/Polytope Studio/Lowpoly_Characters/Sources/Modular_NPC/Meshes/Peasants_Citizens/PT_Boy_Modular_Free_Pack.fbx
  artifactKey: Guid(c17fdcf99b66ed341b80a77325effa07) Importer(815301076,1909f56bfc062723c751e8b465ee728b)
Start importing Assets/3D Models/Polytope Studio/Lowpoly_Characters/Sources/Modular_NPC/Meshes/Peasants_Citizens/PT_Boy_Modular_Free_Pack.fbx using Guid(c17fdcf99b66ed341b80a77325effa07) Importer(815301076,1909f56bfc062723c751e8b465ee728b)  -> (artifact id: '530e594803f498466e463b851e5bf3b4') in 0.189251 seconds 
========================================================================
Received Import Request.
  Time since last request: 0.000020 seconds.
  path: Assets/3D Models/Polytope Studio/Lowpoly_Characters/Sources/Modular_NPC/Meshes/Peasants_Citizens/PT_Male_Modular_Free_Pack.fbx
  artifactKey: Guid(bd83b7da59c20464288209a8d297eb23) Importer(815301076,1909f56bfc062723c751e8b465ee728b)
Start importing Assets/3D Models/Polytope Studio/Lowpoly_Characters/Sources/Modular_NPC/Meshes/Peasants_Citizens/PT_Male_Modular_Free_Pack.fbx using Guid(bd83b7da59c20464288209a8d297eb23) Importer(815301076,1909f56bfc062723c751e8b465ee728b)  -> (artifact id: '879941190739335f73399f670460b03e') in 0.077961 seconds 
========================================================================
Received Import Request.
  Time since last request: 4.161337 seconds.
  path: Assets/3D Models/Polytope Studio/Lowpoly_Characters/Sources/Modular_NPC/Meshes/Peasants_Citizens/Sets
  artifactKey: Guid(ec4891b43982079419e38ecc2ec1ba6a) Importer(815301076,1909f56bfc062723c751e8b465ee728b)
Start importing Assets/3D Models/Polytope Studio/Lowpoly_Characters/Sources/Modular_NPC/Meshes/Peasants_Citizens/Sets using Guid(ec4891b43982079419e38ecc2ec1ba6a) Importer(815301076,1909f56bfc062723c751e8b465ee728b)  -> (artifact id: '0e120febc3d1a46ac9dc0fadc18440aa') in 0.017628 seconds 
========================================================================
Received Import Request.
  Time since last request: 0.035810 seconds.
  path: Assets/3D Models/Polytope Studio/Lowpoly_Characters/Sources/Modular_NPC/Meshes/Peasants_Citizens/Sets/PT_Boy_Naked.fbx
  artifactKey: Guid(d380a286c22a08841988e379fe478e03) Importer(815301076,1909f56bfc062723c751e8b465ee728b)
Start importing Assets/3D Models/Polytope Studio/Lowpoly_Characters/Sources/Modular_NPC/Meshes/Peasants_Citizens/Sets/PT_Boy_Naked.fbx using Guid(d380a286c22a08841988e379fe478e03) Importer(815301076,1909f56bfc062723c751e8b465ee728b)  -> (artifact id: 'd57d78f5fd1ead83d298daddebc8e76a') in 0.064019 seconds 
========================================================================
Received Import Request.
  Time since last request: 0.000023 seconds.
  path: Assets/3D Models/Polytope Studio/Lowpoly_Characters/Sources/Modular_NPC/Meshes/Peasants_Citizens/Sets/PT_Male_Naked.fbx
  artifactKey: Guid(4e2ef40efea83da41b924bb5ec5f0584) Importer(815301076,1909f56bfc062723c751e8b465ee728b)
Start importing Assets/3D Models/Polytope Studio/Lowpoly_Characters/Sources/Modular_NPC/Meshes/Peasants_Citizens/Sets/PT_Male_Naked.fbx using Guid(4e2ef40efea83da41b924bb5ec5f0584) Importer(815301076,1909f56bfc062723c751e8b465ee728b)  -> (artifact id: '6b8af0760ede1303f10df8d85416870b') in 0.060151 seconds 
========================================================================
Received Import Request.
  Time since last request: 0.000021 seconds.
  path: Assets/3D Models/Polytope Studio/Lowpoly_Characters/Sources/Modular_NPC/Meshes/Peasants_Citizens/Sets/PT_Male_Peasant_01.fbx
  artifactKey: Guid(e8196b76e6108b74aa9c9192f64f5003) Importer(815301076,1909f56bfc062723c751e8b465ee728b)
Start importing Assets/3D Models/Polytope Studio/Lowpoly_Characters/Sources/Modular_NPC/Meshes/Peasants_Citizens/Sets/PT_Male_Peasant_01.fbx using Guid(e8196b76e6108b74aa9c9192f64f5003) Importer(815301076,1909f56bfc062723c751e8b465ee728b)  -> (artifact id: '0b43a9bffda5e9f4037ecf051c438a88') in 0.061290 seconds 
========================================================================
Received Import Request.
  Time since last request: 0.000024 seconds.
  path: Assets/3D Models/Polytope Studio/Lowpoly_Characters/Sources/Modular_NPC/Meshes/Peasants_Citizens/Sets/PT_Female_Peasant_01_a.fbx
  artifactKey: Guid(ed32f375cf0deb047840f00665ccc419) Importer(815301076,1909f56bfc062723c751e8b465ee728b)
Start importing Assets/3D Models/Polytope Studio/Lowpoly_Characters/Sources/Modular_NPC/Meshes/Peasants_Citizens/Sets/PT_Female_Peasant_01_a.fbx using Guid(ed32f375cf0deb047840f00665ccc419) Importer(815301076,1909f56bfc062723c751e8b465ee728b)  -> (artifact id: '8e144e53ad46ff16efa0efa1b6b8bc4f') in 0.056829 seconds 
========================================================================
Received Import Request.
  Time since last request: 5.373709 seconds.
  path: Assets/3D Models/Polytope Studio/Lowpoly_Characters/Sources/Modular_NPC/Textures/PT_Modular_NPC_Texture_Mask_01.png
  artifactKey: Guid(6bb85a5d9f66498428d452f1d30c189c) Importer(815301076,1909f56bfc062723c751e8b465ee728b)
Start importing Assets/3D Models/Polytope Studio/Lowpoly_Characters/Sources/Modular_NPC/Textures/PT_Modular_NPC_Texture_Mask_01.png using Guid(6bb85a5d9f66498428d452f1d30c189c) Importer(815301076,1909f56bfc062723c751e8b465ee728b)  -> (artifact id: '469621f58e0da271286f0596e557f25e') in 0.043186 seconds 
========================================================================
Received Import Request.
  Time since last request: 60.977077 seconds.
  path: Assets/3D Models/Polytope Studio/Lowpoly_Characters/Sources/Modular_NPC/Meshes/Peasants_Citizens/Separate_Parts/PT_Boy_Naked_lower.fbx
  artifactKey: Guid(d2143859f9b0dab4587427dd09fa051c) Importer(815301076,1909f56bfc062723c751e8b465ee728b)
Start importing Assets/3D Models/Polytope Studio/Lowpoly_Characters/Sources/Modular_NPC/Meshes/Peasants_Citizens/Separate_Parts/PT_Boy_Naked_lower.fbx using Guid(d2143859f9b0dab4587427dd09fa051c) Importer(815301076,1909f56bfc062723c751e8b465ee728b)  -> (artifact id: '1d3b95e0cbecf063c513a145795fe2ab') in 0.051735 seconds 
========================================================================
Received Import Request.
  Time since last request: 0.000022 seconds.
  path: Assets/3D Models/Polytope Studio/Lowpoly_Characters/Sources/Modular_NPC/Meshes/Peasants_Citizens/Separate_Parts/PT_Boy_Peasant_01_upper.fbx
  artifactKey: Guid(992dd18e851ed1e4ca0ebb04876385b3) Importer(815301076,1909f56bfc062723c751e8b465ee728b)
Start importing Assets/3D Models/Polytope Studio/Lowpoly_Characters/Sources/Modular_NPC/Meshes/Peasants_Citizens/Separate_Parts/PT_Boy_Peasant_01_upper.fbx using Guid(992dd18e851ed1e4ca0ebb04876385b3) Importer(815301076,1909f56bfc062723c751e8b465ee728b)  -> (artifact id: '4989ea67e58c6732175fad8c929e4929') in 0.048915 seconds 
========================================================================
Received Import Request.
  Time since last request: 0.000032 seconds.
  path: Assets/3D Models/Polytope Studio/Lowpoly_Characters/Sources/Modular_NPC/Meshes/Peasants_Citizens/Separate_Parts/PT_Female_Naked_head.fbx
  artifactKey: Guid(aa0b79973c9d22b47b2f5cc6b95b56a6) Importer(815301076,1909f56bfc062723c751e8b465ee728b)
Start importing Assets/3D Models/Polytope Studio/Lowpoly_Characters/Sources/Modular_NPC/Meshes/Peasants_Citizens/Separate_Parts/PT_Female_Naked_head.fbx using Guid(aa0b79973c9d22b47b2f5cc6b95b56a6) Importer(815301076,1909f56bfc062723c751e8b465ee728b)  -> (artifact id: '40fab17998f232f6250ab4072b03c759') in 0.060665 seconds 
========================================================================
Received Import Request.
  Time since last request: 0.000021 seconds.
  path: Assets/3D Models/Polytope Studio/Lowpoly_Characters/Sources/Modular_NPC/Meshes/Peasants_Citizens/Separate_Parts/PT_Male_Peasant_01_upper.fbx
  artifactKey: Guid(8383afbe7fe33804287beec2ffad5d39) Importer(815301076,1909f56bfc062723c751e8b465ee728b)
Start importing Assets/3D Models/Polytope Studio/Lowpoly_Characters/Sources/Modular_NPC/Meshes/Peasants_Citizens/Separate_Parts/PT_Male_Peasant_01_upper.fbx using Guid(8383afbe7fe33804287beec2ffad5d39) Importer(815301076,1909f56bfc062723c751e8b465ee728b)  -> (artifact id: '4b283cbd8512935730b9d23ab93e0734') in 0.055500 seconds 
========================================================================
Received Import Request.
  Time since last request: 0.000021 seconds.
  path: Assets/3D Models/Polytope Studio/Lowpoly_Characters/Sources/Modular_NPC/Meshes/Peasants_Citizens/Separate_Parts/PT_Female_Peasant_01_upper_short.fbx
  artifactKey: Guid(52fb0ba7bf6d428409faa0026ffc08a9) Importer(815301076,1909f56bfc062723c751e8b465ee728b)
Start importing Assets/3D Models/Polytope Studio/Lowpoly_Characters/Sources/Modular_NPC/Meshes/Peasants_Citizens/Separate_Parts/PT_Female_Peasant_01_upper_short.fbx using Guid(52fb0ba7bf6d428409faa0026ffc08a9) Importer(815301076,1909f56bfc062723c751e8b465ee728b)  -> (artifact id: 'e08e348b67eda20d25652a1aab989547') in 0.057039 seconds 
========================================================================
Received Import Request.
  Time since last request: 0.000027 seconds.
  path: Assets/3D Models/Polytope Studio/Lowpoly_Characters/Sources/Modular_NPC/Meshes/Peasants_Citizens/Separate_Parts/PT_Boy_Peasant_01_lower.fbx
  artifactKey: Guid(f0df5f877f9ea4c4a85e99d80e0c3152) Importer(815301076,1909f56bfc062723c751e8b465ee728b)
Start importing Assets/3D Models/Polytope Studio/Lowpoly_Characters/Sources/Modular_NPC/Meshes/Peasants_Citizens/Separate_Parts/PT_Boy_Peasant_01_lower.fbx using Guid(f0df5f877f9ea4c4a85e99d80e0c3152) Importer(815301076,1909f56bfc062723c751e8b465ee728b)  -> (artifact id: '2ae2f20ea3ff3ac54b5a6b9621eaae0e') in 0.058099 seconds 
========================================================================
Received Import Request.
  Time since last request: 0.000025 seconds.
  path: Assets/3D Models/Polytope Studio/Lowpoly_Characters/Sources/Modular_NPC/Meshes/Peasants_Citizens/Separate_Parts/PT_Female_Naked_upper_short.fbx
  artifactKey: Guid(55fb4e8d8f8ec854eb3316572954aca2) Importer(815301076,1909f56bfc062723c751e8b465ee728b)
Start importing Assets/3D Models/Polytope Studio/Lowpoly_Characters/Sources/Modular_NPC/Meshes/Peasants_Citizens/Separate_Parts/PT_Female_Naked_upper_short.fbx using Guid(55fb4e8d8f8ec854eb3316572954aca2) Importer(815301076,1909f56bfc062723c751e8b465ee728b)  -> (artifact id: '316846396828be8861a445259503c779') in 0.057409 seconds 
========================================================================
Received Import Request.
  Time since last request: 0.000027 seconds.
  path: Assets/3D Models/Polytope Studio/Lowpoly_Characters/Sources/Modular_NPC/Meshes/Peasants_Citizens/Separate_Parts/PT_Male_Peasant_01_head.fbx
  artifactKey: Guid(07aa254772945e344b2c8ed23b792cbc) Importer(815301076,1909f56bfc062723c751e8b465ee728b)
Start importing Assets/3D Models/Polytope Studio/Lowpoly_Characters/Sources/Modular_NPC/Meshes/Peasants_Citizens/Separate_Parts/PT_Male_Peasant_01_head.fbx using Guid(07aa254772945e344b2c8ed23b792cbc) Importer(815301076,1909f56bfc062723c751e8b465ee728b)  -> (artifact id: 'ee4bb4b315766456cff0517a1bedf2db') in 0.057097 seconds 
========================================================================
Received Import Request.
  Time since last request: 0.000023 seconds.
  path: Assets/3D Models/Polytope Studio/Lowpoly_Characters/Sources/Modular_NPC/Meshes/Peasants_Citizens/Separate_Parts/PT_Male_Naked_lower.fbx
  artifactKey: Guid(6ae936d15194e914d9e51edca302923d) Importer(815301076,1909f56bfc062723c751e8b465ee728b)
Start importing Assets/3D Models/Polytope Studio/Lowpoly_Characters/Sources/Modular_NPC/Meshes/Peasants_Citizens/Separate_Parts/PT_Male_Naked_lower.fbx using Guid(6ae936d15194e914d9e51edca302923d) Importer(815301076,1909f56bfc062723c751e8b465ee728b)  -> (artifact id: '66b6db7f5ddc2ad825d298b66bb20cf1') in 0.054885 seconds 
========================================================================
Received Import Request.
  Time since last request: 0.000020 seconds.
  path: Assets/3D Models/Polytope Studio/Lowpoly_Characters/Sources/Modular_NPC/Meshes/Peasants_Citizens/Separate_Parts/PT_Male_Naked_upper.fbx
  artifactKey: Guid(c04890d9ade74e9408b9c82ab70e9582) Importer(815301076,1909f56bfc062723c751e8b465ee728b)
Start importing Assets/3D Models/Polytope Studio/Lowpoly_Characters/Sources/Modular_NPC/Meshes/Peasants_Citizens/Separate_Parts/PT_Male_Naked_upper.fbx using Guid(c04890d9ade74e9408b9c82ab70e9582) Importer(815301076,1909f56bfc062723c751e8b465ee728b)  -> (artifact id: '795e31715f28d55e1088be77bcceda1d') in 0.053757 seconds 
========================================================================
Received Prepare
Registering precompiled user dll's ...
Registered in 0.002005 seconds.
Begin MonoManager ReloadAssembly
Native extension for WindowsStandalone target not found
Refreshing native plugins compatible for Editor in 0.58 ms, found 2 plugins.
Preloading 0 native plugins for Editor in 0.00 ms.
Mono: successfully reloaded assembly
- Completed reload, in  0.872 seconds
Domain Reload Profiling:
	ReloadAssembly (872ms)
		BeginReloadAssembly (127ms)
			ExecutionOrderSort (0ms)
			DisableScriptedObjects (5ms)
			BackupInstance (0ms)
			ReleaseScriptingObjects (0ms)
			CreateAndSetChildDomain (39ms)
		EndReloadAssembly (654ms)
			LoadAssemblies (75ms)
			RebuildTransferFunctionScriptingTraits (0ms)
			SetupTypeCache (175ms)
			ReleaseScriptCaches (1ms)
			RebuildScriptCaches (39ms)
			SetupLoadedEditorAssemblies (323ms)
				LogAssemblyErrors (0ms)
				InitializePlatformSupportModulesInManaged (13ms)
				SetLoadedEditorAssemblies (0ms)
				RefreshPlugins (1ms)
				BeforeProcessingInitializeOnLoad (73ms)
				ProcessInitializeOnLoadAttributes (208ms)
				ProcessInitializeOnLoadMethodAttributes (20ms)
				AfterProcessingInitializeOnLoad (8ms)
				EditorAssembliesLoaded (0ms)
			ExecutionOrderSort2 (0ms)
			AwakeInstancesAfterBackupRestoration (5ms)
Platform modules already initialized, skipping
Refreshing native plugins compatible for Editor in 1.11 ms, found 2 plugins.
Preloading 0 native plugins for Editor in 0.00 ms.
Unloading 1555 Unused Serialized files (Serialized files now loaded: 0)
Unloading 24 unused Assets / (1.7 MB). Loaded Objects now: 2131.
Memory consumption went from 138.0 MB to 136.4 MB.
Total: 3.390400 ms (FindLiveObjects: 0.151400 ms CreateObjectMapping: 0.051800 ms MarkObjects: 2.638800 ms  DeleteObjects: 0.547300 ms)

AssetImportParameters requested are different than current active one (requested -> active):
  custom:video-decoder-ogg-theora: a1e56fd34408186e4bbccfd4996cb3dc -> 
  custom:container-muxer-webm: aa71ff27fc2769a1b78a27578f13a17b -> 
  custom:container-demuxer-webm: 4f35f7cbe854078d1ac9338744f61a02 -> 
  custom:video-encoder-webm-vp8: eb34c28f22e8b96e1ab97ce403110664 -> 
  custom:video-codec-MediaFoundation-h265: 746d11721c4dcdbdad8f713fa42b33f4 -> 
  custom:audio-encoder-webm-vorbis: bf7c407c2cedff20999df2af8eb42d56 -> 
  custom:framework-win-MediaFoundation: 216162199b28c13a410421893ffa2e32 -> 
  custom:container-demuxer-ogg: 62fdf1f143b41e24485cea50d1cbac27 -> 
  custom:video-decoder-webm-vp8: 9c59270c3fd7afecdb556c50c9e8de78 -> 
  custom:audio-decoder-ogg-vorbis: bf7c407c2cedff20999df2af8eb42d56 -> 
Editor requested this worker to shutdown with reason: Scaling down because of idle timeout
AssetImportWorker is now disconnected from the server
Process exiting
Exiting without the bug reporter. Application will terminate with return code 0